<?xml version="1.0" encoding="UTF-8"?>
<testsuite name="com.example.pso4pid.PSOtests" tests="1" skipped="0" failures="0" errors="0" timestamp="2024-10-20T18:22:58" hostname="ARYA" time="0.024">
  <properties/>
  <testcase name="particleParamRanges" classname="com.example.pso4pid.PSOtests" time="0.024"/>
  <system-out><![CDATA[]]></system-out>
  <system-err><![CDATA[]]></system-err>
</testsuite>
